2025-09-04 09:04:56,380 - sentence_transformers.SentenceTransformer - INFO - Use pytorch device_name: cpu
2025-09-04 09:04:56,380 - sentence_transformers.SentenceTransformer - INFO - Load pretrained SentenceTransformer: all-MiniLM-L6-v2
2025-09-04 09:05:06,269 - pypdf._reader - WARNING - incorrect startxref pointer(1)
2025-09-04 09:05:06,375 - pypdf._reader - WARNING - parsing for Object Streams
2025-09-04 09:05:06,465 - pypdf._reader - WARNING - found 0 objects within Object(218,0) whereas 500 expected
2025-09-04 09:05:06,498 - pypdf._reader - WARNING - found 0 objects within Object(737,0) whereas 500 expected
2025-09-04 09:05:06,522 - pypdf._reader - WARNING - found 0 objects within Object(1248,0) whereas 500 expected
2025-09-04 09:05:06,562 - pypdf._reader - WARNING - found 0 objects within Object(1763,0) whereas 500 expected
2025-09-04 09:05:06,586 - pypdf._reader - WARNING - found 0 objects within Object(2274,0) whereas 127 expected
2025-09-04 09:05:08,313 - sentence_transformers.SentenceTransformer - INFO - Use pytorch device_name: cpu
2025-09-04 09:05:08,316 - sentence_transformers.SentenceTransformer - INFO - Load pretrained SentenceTransformer: all-MiniLM-L6-v2
2025-09-04 09:05:14,132 - sentence_transformers.SentenceTransformer - INFO - Use pytorch device_name: cpu
2025-09-04 09:05:14,132 - sentence_transformers.SentenceTransformer - INFO - Load pretrained SentenceTransformer: all-MiniLM-L6-v2
2025-09-04 09:05:18,722 - sentence_transformers.SentenceTransformer - INFO - Use pytorch device_name: cpu
2025-09-04 09:05:18,722 - sentence_transformers.SentenceTransformer - INFO - Load pretrained SentenceTransformer: all-MiniLM-L6-v2
2025-09-04 09:05:23,545 - sentence_transformers.SentenceTransformer - INFO - Use pytorch device_name: cpu
2025-09-04 09:05:23,546 - sentence_transformers.SentenceTransformer - INFO - Load pretrained SentenceTransformer: all-MiniLM-L6-v2
2025-09-04 09:05:29,161 - sentence_transformers.SentenceTransformer - INFO - Use pytorch device_name: cpu
2025-09-04 09:05:29,163 - sentence_transformers.SentenceTransformer - INFO - Load pretrained SentenceTransformer: all-MiniLM-L6-v2
2025-09-04 09:05:34,133 - sentence_transformers.SentenceTransformer - INFO - Use pytorch device_name: cpu
2025-09-04 09:05:34,133 - sentence_transformers.SentenceTransformer - INFO - Load pretrained SentenceTransformer: all-MiniLM-L6-v2
2025-09-04 09:05:39,385 - sentence_transformers.SentenceTransformer - INFO - Use pytorch device_name: cpu
2025-09-04 09:05:39,385 - sentence_transformers.SentenceTransformer - INFO - Load pretrained SentenceTransformer: all-MiniLM-L6-v2
2025-09-04 09:05:44,510 - sentence_transformers.SentenceTransformer - INFO - Use pytorch device_name: cpu
2025-09-04 09:05:44,510 - sentence_transformers.SentenceTransformer - INFO - Load pretrained SentenceTransformer: all-MiniLM-L6-v2
2025-09-04 09:05:49,446 - sentence_transformers.SentenceTransformer - INFO - Use pytorch device_name: cpu
2025-09-04 09:05:49,446 - sentence_transformers.SentenceTransformer - INFO - Load pretrained SentenceTransformer: all-MiniLM-L6-v2
2025-09-04 09:05:54,399 - sentence_transformers.SentenceTransformer - INFO - Use pytorch device_name: cpu
2025-09-04 09:05:54,402 - sentence_transformers.SentenceTransformer - INFO - Load pretrained SentenceTransformer: all-MiniLM-L6-v2
2025-09-04 09:05:58,568 - sentence_transformers.SentenceTransformer - INFO - Use pytorch device_name: cpu
2025-09-04 09:05:58,568 - sentence_transformers.SentenceTransformer - INFO - Load pretrained SentenceTransformer: all-MiniLM-L6-v2
2025-09-04 09:06:05,518 - sentence_transformers.SentenceTransformer - INFO - Use pytorch device_name: cpu
2025-09-04 09:06:05,518 - sentence_transformers.SentenceTransformer - INFO - Load pretrained SentenceTransformer: all-MiniLM-L6-v2
2025-09-04 09:06:10,799 - sentence_transformers.SentenceTransformer - INFO - Use pytorch device_name: cpu
2025-09-04 09:06:10,799 - sentence_transformers.SentenceTransformer - INFO - Load pretrained SentenceTransformer: all-MiniLM-L6-v2
2025-09-04 09:06:17,081 - sentence_transformers.SentenceTransformer - INFO - Use pytorch device_name: cpu
2025-09-04 09:06:17,081 - sentence_transformers.SentenceTransformer - INFO - Load pretrained SentenceTransformer: all-MiniLM-L6-v2
2025-09-04 09:06:22,514 - sentence_transformers.SentenceTransformer - INFO - Use pytorch device_name: cpu
2025-09-04 09:06:22,514 - sentence_transformers.SentenceTransformer - INFO - Load pretrained SentenceTransformer: all-MiniLM-L6-v2
2025-09-04 09:06:27,842 - sentence_transformers.SentenceTransformer - INFO - Use pytorch device_name: cpu
2025-09-04 09:06:27,842 - sentence_transformers.SentenceTransformer - INFO - Load pretrained SentenceTransformer: all-MiniLM-L6-v2
2025-09-04 09:06:33,386 - sentence_transformers.SentenceTransformer - INFO - Use pytorch device_name: cpu
2025-09-04 09:06:33,386 - sentence_transformers.SentenceTransformer - INFO - Load pretrained SentenceTransformer: all-MiniLM-L6-v2
2025-09-04 09:06:39,100 - sentence_transformers.SentenceTransformer - INFO - Use pytorch device_name: cpu
2025-09-04 09:06:39,100 - sentence_transformers.SentenceTransformer - INFO - Load pretrained SentenceTransformer: all-MiniLM-L6-v2
2025-09-04 09:06:44,524 - sentence_transformers.SentenceTransformer - INFO - Use pytorch device_name: cpu
2025-09-04 09:06:44,524 - sentence_transformers.SentenceTransformer - INFO - Load pretrained SentenceTransformer: all-MiniLM-L6-v2
2025-09-04 09:06:50,374 - sentence_transformers.SentenceTransformer - INFO - Use pytorch device_name: cpu
2025-09-04 09:06:50,375 - sentence_transformers.SentenceTransformer - INFO - Load pretrained SentenceTransformer: all-MiniLM-L6-v2
2025-09-04 09:06:55,698 - sentence_transformers.SentenceTransformer - INFO - Use pytorch device_name: cpu
2025-09-04 09:06:55,698 - sentence_transformers.SentenceTransformer - INFO - Load pretrained SentenceTransformer: all-MiniLM-L6-v2
2025-09-04 09:07:00,711 - sentence_transformers.SentenceTransformer - INFO - Use pytorch device_name: cpu
2025-09-04 09:07:00,726 - sentence_transformers.SentenceTransformer - INFO - Load pretrained SentenceTransformer: all-MiniLM-L6-v2
2025-09-04 09:07:06,245 - sentence_transformers.SentenceTransformer - INFO - Use pytorch device_name: cpu
2025-09-04 09:07:06,245 - sentence_transformers.SentenceTransformer - INFO - Load pretrained SentenceTransformer: all-MiniLM-L6-v2
2025-09-04 09:07:10,854 - sentence_transformers.SentenceTransformer - INFO - Use pytorch device_name: cpu
2025-09-04 09:07:10,857 - sentence_transformers.SentenceTransformer - INFO - Load pretrained SentenceTransformer: all-MiniLM-L6-v2
2025-09-04 09:07:16,686 - sentence_transformers.SentenceTransformer - INFO - Use pytorch device_name: cpu
2025-09-04 09:07:16,686 - sentence_transformers.SentenceTransformer - INFO - Load pretrained SentenceTransformer: all-MiniLM-L6-v2
2025-09-04 09:07:21,481 - sentence_transformers.SentenceTransformer - INFO - Use pytorch device_name: cpu
2025-09-04 09:07:21,481 - sentence_transformers.SentenceTransformer - INFO - Load pretrained SentenceTransformer: all-MiniLM-L6-v2
2025-09-04 09:07:27,239 - sentence_transformers.SentenceTransformer - INFO - Use pytorch device_name: cpu
2025-09-04 09:07:27,240 - sentence_transformers.SentenceTransformer - INFO - Load pretrained SentenceTransformer: all-MiniLM-L6-v2
2025-09-04 09:07:32,761 - sentence_transformers.SentenceTransformer - INFO - Use pytorch device_name: cpu
2025-09-04 09:07:32,761 - sentence_transformers.SentenceTransformer - INFO - Load pretrained SentenceTransformer: all-MiniLM-L6-v2
2025-09-04 09:07:37,712 - sentence_transformers.SentenceTransformer - INFO - Use pytorch device_name: cpu
2025-09-04 09:07:37,718 - sentence_transformers.SentenceTransformer - INFO - Load pretrained SentenceTransformer: all-MiniLM-L6-v2
2025-09-04 09:07:43,624 - sentence_transformers.SentenceTransformer - INFO - Use pytorch device_name: cpu
2025-09-04 09:07:43,624 - sentence_transformers.SentenceTransformer - INFO - Load pretrained SentenceTransformer: all-MiniLM-L6-v2
2025-09-04 09:07:49,367 - sentence_transformers.SentenceTransformer - INFO - Use pytorch device_name: cpu
2025-09-04 09:07:49,367 - sentence_transformers.SentenceTransformer - INFO - Load pretrained SentenceTransformer: all-MiniLM-L6-v2
2025-09-04 09:07:53,774 - sentence_transformers.SentenceTransformer - INFO - Use pytorch device_name: cpu
2025-09-04 09:07:53,788 - sentence_transformers.SentenceTransformer - INFO - Load pretrained SentenceTransformer: all-MiniLM-L6-v2
2025-09-04 09:07:58,543 - sentence_transformers.SentenceTransformer - INFO - Use pytorch device_name: cpu
2025-09-04 09:07:58,544 - sentence_transformers.SentenceTransformer - INFO - Load pretrained SentenceTransformer: all-MiniLM-L6-v2
2025-09-04 09:08:03,644 - sentence_transformers.SentenceTransformer - INFO - Use pytorch device_name: cpu
2025-09-04 09:08:03,644 - sentence_transformers.SentenceTransformer - INFO - Load pretrained SentenceTransformer: all-MiniLM-L6-v2
2025-09-04 09:08:09,498 - sentence_transformers.SentenceTransformer - INFO - Use pytorch device_name: cpu
2025-09-04 09:08:09,498 - sentence_transformers.SentenceTransformer - INFO - Load pretrained SentenceTransformer: all-MiniLM-L6-v2
2025-09-04 09:08:14,632 - sentence_transformers.SentenceTransformer - INFO - Use pytorch device_name: cpu
2025-09-04 09:08:14,632 - sentence_transformers.SentenceTransformer - INFO - Load pretrained SentenceTransformer: all-MiniLM-L6-v2
2025-09-04 09:08:19,559 - sentence_transformers.SentenceTransformer - INFO - Use pytorch device_name: cpu
2025-09-04 09:08:19,559 - sentence_transformers.SentenceTransformer - INFO - Load pretrained SentenceTransformer: all-MiniLM-L6-v2
2025-09-04 09:08:25,097 - sentence_transformers.SentenceTransformer - INFO - Use pytorch device_name: cpu
2025-09-04 09:08:25,097 - sentence_transformers.SentenceTransformer - INFO - Load pretrained SentenceTransformer: all-MiniLM-L6-v2
2025-09-04 09:08:31,033 - sentence_transformers.SentenceTransformer - INFO - Use pytorch device_name: cpu
2025-09-04 09:08:31,033 - sentence_transformers.SentenceTransformer - INFO - Load pretrained SentenceTransformer: all-MiniLM-L6-v2
2025-09-04 09:08:36,037 - sentence_transformers.SentenceTransformer - INFO - Use pytorch device_name: cpu
2025-09-04 09:08:36,037 - sentence_transformers.SentenceTransformer - INFO - Load pretrained SentenceTransformer: all-MiniLM-L6-v2
2025-09-04 09:08:41,886 - sentence_transformers.SentenceTransformer - INFO - Use pytorch device_name: cpu
2025-09-04 09:08:41,887 - sentence_transformers.SentenceTransformer - INFO - Load pretrained SentenceTransformer: all-MiniLM-L6-v2
2025-09-04 09:08:47,118 - sentence_transformers.SentenceTransformer - INFO - Use pytorch device_name: cpu
2025-09-04 09:08:47,125 - sentence_transformers.SentenceTransformer - INFO - Load pretrained SentenceTransformer: all-MiniLM-L6-v2
2025-09-04 09:08:51,741 - sentence_transformers.SentenceTransformer - INFO - Use pytorch device_name: cpu
2025-09-04 09:08:51,741 - sentence_transformers.SentenceTransformer - INFO - Load pretrained SentenceTransformer: all-MiniLM-L6-v2
2025-09-04 09:08:56,640 - sentence_transformers.SentenceTransformer - INFO - Use pytorch device_name: cpu
2025-09-04 09:08:56,640 - sentence_transformers.SentenceTransformer - INFO - Load pretrained SentenceTransformer: all-MiniLM-L6-v2
2025-09-04 09:09:02,486 - sentence_transformers.SentenceTransformer - INFO - Use pytorch device_name: cpu
2025-09-04 09:09:02,486 - sentence_transformers.SentenceTransformer - INFO - Load pretrained SentenceTransformer: all-MiniLM-L6-v2
2025-09-04 09:09:07,498 - sentence_transformers.SentenceTransformer - INFO - Use pytorch device_name: cpu
2025-09-04 09:09:07,498 - sentence_transformers.SentenceTransformer - INFO - Load pretrained SentenceTransformer: all-MiniLM-L6-v2
2025-09-04 09:09:12,506 - sentence_transformers.SentenceTransformer - INFO - Use pytorch device_name: cpu
2025-09-04 09:09:12,506 - sentence_transformers.SentenceTransformer - INFO - Load pretrained SentenceTransformer: all-MiniLM-L6-v2
2025-09-04 09:09:17,732 - sentence_transformers.SentenceTransformer - INFO - Use pytorch device_name: cpu
2025-09-04 09:09:17,734 - sentence_transformers.SentenceTransformer - INFO - Load pretrained SentenceTransformer: all-MiniLM-L6-v2
2025-09-04 09:09:23,668 - sentence_transformers.SentenceTransformer - INFO - Use pytorch device_name: cpu
2025-09-04 09:09:23,669 - sentence_transformers.SentenceTransformer - INFO - Load pretrained SentenceTransformer: all-MiniLM-L6-v2
2025-09-04 09:09:29,613 - sentence_transformers.SentenceTransformer - INFO - Use pytorch device_name: cpu
2025-09-04 09:09:29,613 - sentence_transformers.SentenceTransformer - INFO - Load pretrained SentenceTransformer: all-MiniLM-L6-v2
2025-09-04 09:09:34,215 - sentence_transformers.SentenceTransformer - INFO - Use pytorch device_name: cpu
2025-09-04 09:09:34,217 - sentence_transformers.SentenceTransformer - INFO - Load pretrained SentenceTransformer: all-MiniLM-L6-v2
2025-09-04 09:09:39,537 - sentence_transformers.SentenceTransformer - INFO - Use pytorch device_name: cpu
2025-09-04 09:09:39,537 - sentence_transformers.SentenceTransformer - INFO - Load pretrained SentenceTransformer: all-MiniLM-L6-v2
2025-09-04 09:09:44,690 - sentence_transformers.SentenceTransformer - INFO - Use pytorch device_name: cpu
2025-09-04 09:09:44,690 - sentence_transformers.SentenceTransformer - INFO - Load pretrained SentenceTransformer: all-MiniLM-L6-v2
2025-09-04 09:09:50,409 - sentence_transformers.SentenceTransformer - INFO - Use pytorch device_name: cpu
2025-09-04 09:09:50,417 - sentence_transformers.SentenceTransformer - INFO - Load pretrained SentenceTransformer: all-MiniLM-L6-v2
2025-09-04 09:09:56,507 - sentence_transformers.SentenceTransformer - INFO - Use pytorch device_name: cpu
2025-09-04 09:09:56,507 - sentence_transformers.SentenceTransformer - INFO - Load pretrained SentenceTransformer: all-MiniLM-L6-v2
2025-09-04 09:13:11,159 - werkzeug - INFO - 127.0.0.1 - - [04/Sep/2025 09:13:11] "GET / HTTP/1.1" 200 -
2025-09-04 09:13:11,718 - werkzeug - INFO - 127.0.0.1 - - [04/Sep/2025 09:13:11] "[33mGET /favicon.ico HTTP/1.1[0m" 404 -
